[2021-12-06 15:29:17.395] [jointLog] [info] setting maxHashResizeThreads to 8
[2021-12-06 15:29:17.395] [jointLog] [info] Fragment incompatibility prior below threshold.  Incompatible fragments will be ignored.
[2021-12-06 15:29:17.395] [jointLog] [info] Usage of --validateMappings implies use of minScoreFraction. Since not explicitly specified, it is being set to 0.65
[2021-12-06 15:29:17.395] [jointLog] [info] Setting consensusSlack to selective-alignment default of 0.35.
[2021-12-06 15:29:17.395] [jointLog] [info] parsing read library format
[2021-12-06 15:29:17.395] [jointLog] [info] There is 1 library.
[2021-12-06 15:29:17.530] [jointLog] [info] Loading pufferfish index
[2021-12-06 15:29:17.530] [jointLog] [info] Loading dense pufferfish index.
[2021-12-06 15:29:18.163] [jointLog] [info] done
[2021-12-06 15:29:18.163] [jointLog] [info] Index contained 116,747 targets
[2021-12-06 15:29:19.777] [jointLog] [info] Number of decoys : 0
[2021-12-06 15:29:20.279] [jointLog] [info] Automatically detected most likely library type as ISR

[2021-12-06 15:34:12.654] [jointLog] [info] Thread saw mini-batch with a maximum of 3.24% zero probability fragments
[2021-12-06 15:34:12.669] [jointLog] [info] Thread saw mini-batch with a maximum of 3.16% zero probability fragments
[2021-12-06 15:34:12.676] [jointLog] [info] Thread saw mini-batch with a maximum of 3.20% zero probability fragments
[2021-12-06 15:34:12.679] [jointLog] [info] Thread saw mini-batch with a maximum of 3.14% zero probability fragments
[2021-12-06 15:34:12.708] [jointLog] [info] Thread saw mini-batch with a maximum of 3.10% zero probability fragments
[2021-12-06 15:34:12.733] [jointLog] [info] Thread saw mini-batch with a maximum of 3.30% zero probability fragments
[2021-12-06 15:34:12.762] [jointLog] [info] Thread saw mini-batch with a maximum of 3.18% zero probability fragments
[2021-12-06 15:34:12.906] [jointLog] [info] Thread saw mini-batch with a maximum of 3.16% zero probability fragments
[2021-12-06 15:34:13.091] [jointLog] [info] Computed 292,781 rich equivalence classes for further processing
[2021-12-06 15:34:13.091] [jointLog] [info] Counted 27,501,645 total reads in the equivalence classes 
[2021-12-06 15:34:13.097] [jointLog] [warning] 4.30191e-06% of fragments were shorter than the k used to build the index.
If this fraction is too large, consider re-building the index with a smaller k.
The minimum read size found was 16.


[2021-12-06 15:34:13.097] [jointLog] [info] Number of mappings discarded because of alignment score : 38,725,399
[2021-12-06 15:34:13.097] [jointLog] [info] Number of fragments entirely discarded because of alignment score : 2,934,120
[2021-12-06 15:34:13.097] [jointLog] [info] Number of fragments discarded because they are best-mapped to decoys : 0
[2021-12-06 15:34:13.097] [jointLog] [info] Number of fragments discarded because they have only dovetail (discordant) mappings to valid targets : 976,602
[2021-12-06 15:34:13.097] [jointLog] [info] Mapping rate = 59.1548%

[2021-12-06 15:34:13.097] [jointLog] [info] finished quantifyLibrary()
[2021-12-06 15:34:13.102] [jointLog] [info] Starting optimizer
[2021-12-06 15:34:13.153] [jointLog] [info] Marked 0 weighted equivalence classes as degenerate
[2021-12-06 15:34:13.162] [jointLog] [info] iteration = 0 | max rel diff. = 10338.9
[2021-12-06 15:34:13.244] [jointLog] [info] iteration 11, adjusting effective lengths to account for biases
[2021-12-06 15:34:13.093] [fileLog] [info] 
At end of round 0
==================
Observed 46490990 total fragments (46490990 in most recent round)

[2021-12-06 15:34:35.091] [jointLog] [info] Computed expected counts (for bias correction)
[2021-12-06 15:34:35.091] [jointLog] [info] processed bias for 0.0% of the transcripts
[2021-12-06 15:34:37.295] [jointLog] [info] processed bias for 10.0% of the transcripts
[2021-12-06 15:34:39.809] [jointLog] [info] processed bias for 20.0% of the transcripts
[2021-12-06 15:34:41.368] [jointLog] [info] processed bias for 30.0% of the transcripts
[2021-12-06 15:34:42.448] [jointLog] [info] processed bias for 40.2% of the transcripts
[2021-12-06 15:34:44.399] [jointLog] [info] processed bias for 50.0% of the transcripts
[2021-12-06 15:34:46.791] [jointLog] [info] processed bias for 60.0% of the transcripts
[2021-12-06 15:34:49.228] [jointLog] [info] processed bias for 70.0% of the transcripts
[2021-12-06 15:34:51.604] [jointLog] [info] processed bias for 80.0% of the transcripts
[2021-12-06 15:34:53.956] [jointLog] [info] processed bias for 90.0% of the transcripts
[2021-12-06 15:34:56.413] [jointLog] [info] processed bias for 100.0% of the transcripts
[2021-12-06 15:34:56.418] [jointLog] [info] processed bias for 100.0% of the transcripts
[2021-12-06 15:34:57.168] [jointLog] [info] iteration = 100 | max rel diff. = 19.0951
[2021-12-06 15:34:58.002] [jointLog] [info] iteration = 200 | max rel diff. = 15.9389
[2021-12-06 15:34:58.835] [jointLog] [info] iteration = 300 | max rel diff. = 0.716788
[2021-12-06 15:34:59.667] [jointLog] [info] iteration = 400 | max rel diff. = 1.46375
[2021-12-06 15:35:00.502] [jointLog] [info] iteration = 500 | max rel diff. = 4.68766
[2021-12-06 15:35:01.335] [jointLog] [info] iteration = 600 | max rel diff. = 0.320456
[2021-12-06 15:35:02.168] [jointLog] [info] iteration = 700 | max rel diff. = 0.116672
[2021-12-06 15:35:03.001] [jointLog] [info] iteration = 800 | max rel diff. = 0.0806549
[2021-12-06 15:35:03.835] [jointLog] [info] iteration = 900 | max rel diff. = 0.113813
[2021-12-06 15:35:04.668] [jointLog] [info] iteration = 1,000 | max rel diff. = 0.124231
[2021-12-06 15:35:05.501] [jointLog] [info] iteration = 1,100 | max rel diff. = 0.0837608
[2021-12-06 15:35:06.335] [jointLog] [info] iteration = 1,200 | max rel diff. = 0.0468695
[2021-12-06 15:35:07.166] [jointLog] [info] iteration = 1,300 | max rel diff. = 0.141271
[2021-12-06 15:35:08.001] [jointLog] [info] iteration = 1,400 | max rel diff. = 0.0380418
[2021-12-06 15:35:08.835] [jointLog] [info] iteration = 1,500 | max rel diff. = 0.136703
[2021-12-06 15:35:09.667] [jointLog] [info] iteration = 1,600 | max rel diff. = 0.0698025
[2021-12-06 15:35:09.801] [jointLog] [info] iteration = 1,617 | max rel diff. = 0.00582752
[2021-12-06 15:35:09.813] [jointLog] [info] Finished optimizer
[2021-12-06 15:35:09.813] [jointLog] [info] writing output 

