[2021-12-06 15:47:12.043] [jointLog] [info] setting maxHashResizeThreads to 8
[2021-12-06 15:47:12.043] [jointLog] [info] Fragment incompatibility prior below threshold.  Incompatible fragments will be ignored.
[2021-12-06 15:47:12.043] [jointLog] [info] Usage of --validateMappings implies use of minScoreFraction. Since not explicitly specified, it is being set to 0.65
[2021-12-06 15:47:12.043] [jointLog] [info] Setting consensusSlack to selective-alignment default of 0.35.
[2021-12-06 15:47:12.043] [jointLog] [info] parsing read library format
[2021-12-06 15:47:12.043] [jointLog] [info] There is 1 library.
[2021-12-06 15:47:12.190] [jointLog] [info] Loading pufferfish index
[2021-12-06 15:47:12.190] [jointLog] [info] Loading dense pufferfish index.
[2021-12-06 15:47:12.866] [jointLog] [info] done
[2021-12-06 15:47:12.866] [jointLog] [info] Index contained 116,747 targets
[2021-12-06 15:47:14.476] [jointLog] [info] Number of decoys : 0
[2021-12-06 15:47:14.981] [jointLog] [info] Automatically detected most likely library type as ISR

[2021-12-06 15:50:04.461] [jointLog] [info] Thread saw mini-batch with a maximum of 4.28% zero probability fragments
[2021-12-06 15:50:04.485] [jointLog] [info] Thread saw mini-batch with a maximum of 4.24% zero probability fragments
[2021-12-06 15:50:04.671] [jointLog] [info] Thread saw mini-batch with a maximum of 4.18% zero probability fragments
[2021-12-06 15:50:04.723] [jointLog] [info] Thread saw mini-batch with a maximum of 4.26% zero probability fragments
[2021-12-06 15:50:04.731] [jointLog] [info] Thread saw mini-batch with a maximum of 4.36% zero probability fragments
[2021-12-06 15:50:04.745] [jointLog] [info] Thread saw mini-batch with a maximum of 4.46% zero probability fragments
[2021-12-06 15:50:04.776] [jointLog] [info] Thread saw mini-batch with a maximum of 4.30% zero probability fragments
[2021-12-06 15:50:04.806] [jointLog] [info] Thread saw mini-batch with a maximum of 4.40% zero probability fragments
[2021-12-06 15:50:04.926] [jointLog] [info] Computed 229,470 rich equivalence classes for further processing
[2021-12-06 15:50:04.926] [jointLog] [info] Counted 14,967,974 total reads in the equivalence classes 
[2021-12-06 15:50:04.930] [jointLog] [info] Number of mappings discarded because of alignment score : 19,284,201
[2021-12-06 15:50:04.930] [jointLog] [info] Number of fragments entirely discarded because of alignment score : 1,954,983
[2021-12-06 15:50:04.930] [jointLog] [info] Number of fragments discarded because they are best-mapped to decoys : 0
[2021-12-06 15:50:04.930] [jointLog] [info] Number of fragments discarded because they have only dovetail (discordant) mappings to valid targets : 524,020
[2021-12-06 15:50:04.930] [jointLog] [info] Mapping rate = 51.5516%

[2021-12-06 15:50:04.930] [jointLog] [info] finished quantifyLibrary()
[2021-12-06 15:50:04.935] [jointLog] [info] Starting optimizer
[2021-12-06 15:50:04.980] [jointLog] [info] Marked 0 weighted equivalence classes as degenerate
[2021-12-06 15:50:04.987] [jointLog] [info] iteration = 0 | max rel diff. = 8879.07
[2021-12-06 15:50:05.062] [jointLog] [info] iteration 11, adjusting effective lengths to account for biases
[2021-12-06 15:50:04.927] [fileLog] [info] 
At end of round 0
==================
Observed 29034933 total fragments (29034933 in most recent round)

[2021-12-06 15:50:26.260] [jointLog] [info] Computed expected counts (for bias correction)
[2021-12-06 15:50:26.260] [jointLog] [info] processed bias for 0.0% of the transcripts
[2021-12-06 15:50:28.416] [jointLog] [info] processed bias for 10.0% of the transcripts
[2021-12-06 15:50:30.877] [jointLog] [info] processed bias for 20.0% of the transcripts
[2021-12-06 15:50:33.319] [jointLog] [info] processed bias for 30.0% of the transcripts
[2021-12-06 15:50:35.685] [jointLog] [info] processed bias for 40.0% of the transcripts
[2021-12-06 15:50:38.097] [jointLog] [info] processed bias for 50.0% of the transcripts
[2021-12-06 15:50:40.398] [jointLog] [info] processed bias for 60.0% of the transcripts
[2021-12-06 15:50:41.493] [jointLog] [info] processed bias for 70.0% of the transcripts
[2021-12-06 15:50:42.390] [jointLog] [info] processed bias for 80.0% of the transcripts
[2021-12-06 15:50:44.792] [jointLog] [info] processed bias for 90.0% of the transcripts
[2021-12-06 15:50:47.129] [jointLog] [info] processed bias for 100.0% of the transcripts
[2021-12-06 15:50:47.136] [jointLog] [info] processed bias for 100.0% of the transcripts
[2021-12-06 15:50:47.807] [jointLog] [info] iteration = 100 | max rel diff. = 15.0402
[2021-12-06 15:50:48.549] [jointLog] [info] iteration = 200 | max rel diff. = 3.8844
[2021-12-06 15:50:49.288] [jointLog] [info] iteration = 300 | max rel diff. = 7.2123
[2021-12-06 15:50:50.031] [jointLog] [info] iteration = 400 | max rel diff. = 0.203899
[2021-12-06 15:50:50.774] [jointLog] [info] iteration = 500 | max rel diff. = 0.572285
[2021-12-06 15:50:51.515] [jointLog] [info] iteration = 600 | max rel diff. = 0.871763
[2021-12-06 15:50:52.257] [jointLog] [info] iteration = 700 | max rel diff. = 0.302111
[2021-12-06 15:50:53.000] [jointLog] [info] iteration = 800 | max rel diff. = 3.91322
[2021-12-06 15:50:53.740] [jointLog] [info] iteration = 900 | max rel diff. = 0.119957
[2021-12-06 15:50:54.483] [jointLog] [info] iteration = 1,000 | max rel diff. = 9.60085
[2021-12-06 15:50:55.225] [jointLog] [info] iteration = 1,100 | max rel diff. = 0.420684
[2021-12-06 15:50:55.968] [jointLog] [info] iteration = 1,200 | max rel diff. = 0.0463708
[2021-12-06 15:50:56.710] [jointLog] [info] iteration = 1,300 | max rel diff. = 0.0490978
[2021-12-06 15:50:57.449] [jointLog] [info] iteration = 1,400 | max rel diff. = 0.186681
[2021-12-06 15:50:58.056] [jointLog] [info] iteration = 1,483 | max rel diff. = 0.00917433
[2021-12-06 15:50:58.067] [jointLog] [info] Finished optimizer
[2021-12-06 15:50:58.067] [jointLog] [info] writing output 

