[2021-12-06 15:35:19.003] [jointLog] [info] setting maxHashResizeThreads to 8
[2021-12-06 15:35:19.003] [jointLog] [info] Fragment incompatibility prior below threshold.  Incompatible fragments will be ignored.
[2021-12-06 15:35:19.003] [jointLog] [info] Usage of --validateMappings implies use of minScoreFraction. Since not explicitly specified, it is being set to 0.65
[2021-12-06 15:35:19.003] [jointLog] [info] Setting consensusSlack to selective-alignment default of 0.35.
[2021-12-06 15:35:19.003] [jointLog] [info] parsing read library format
[2021-12-06 15:35:19.003] [jointLog] [info] There is 1 library.
[2021-12-06 15:35:19.144] [jointLog] [info] Loading pufferfish index
[2021-12-06 15:35:19.144] [jointLog] [info] Loading dense pufferfish index.
[2021-12-06 15:35:19.808] [jointLog] [info] done
[2021-12-06 15:35:19.808] [jointLog] [info] Index contained 116,747 targets
[2021-12-06 15:35:21.419] [jointLog] [info] Number of decoys : 0
[2021-12-06 15:35:21.865] [jointLog] [info] Automatically detected most likely library type as ISR

[2021-12-06 15:38:08.633] [jointLog] [info] Thread saw mini-batch with a maximum of 2.84% zero probability fragments
[2021-12-06 15:38:08.655] [jointLog] [info] Thread saw mini-batch with a maximum of 2.90% zero probability fragments
[2021-12-06 15:38:08.702] [jointLog] [info] Thread saw mini-batch with a maximum of 2.88% zero probability fragments
[2021-12-06 15:38:08.716] [jointLog] [info] Thread saw mini-batch with a maximum of 2.80% zero probability fragments
[2021-12-06 15:38:08.786] [jointLog] [info] Thread saw mini-batch with a maximum of 2.86% zero probability fragments
[2021-12-06 15:38:08.846] [jointLog] [info] Thread saw mini-batch with a maximum of 2.78% zero probability fragments
[2021-12-06 15:38:08.854] [jointLog] [info] Thread saw mini-batch with a maximum of 2.84% zero probability fragments
[2021-12-06 15:38:08.934] [jointLog] [info] Thread saw mini-batch with a maximum of 2.82% zero probability fragments
[2021-12-06 15:38:09.057] [jointLog] [info] Computed 241,221 rich equivalence classes for further processing
[2021-12-06 15:38:09.057] [jointLog] [info] Counted 17,818,845 total reads in the equivalence classes 
[2021-12-06 15:38:09.062] [jointLog] [info] Number of mappings discarded because of alignment score : 17,861,830
[2021-12-06 15:38:09.062] [jointLog] [info] Number of fragments entirely discarded because of alignment score : 1,568,397
[2021-12-06 15:38:09.062] [jointLog] [info] Number of fragments discarded because they are best-mapped to decoys : 0
[2021-12-06 15:38:09.062] [jointLog] [info] Number of fragments discarded because they have only dovetail (discordant) mappings to valid targets : 579,486
[2021-12-06 15:38:09.062] [jointLog] [info] Mapping rate = 61.7914%

[2021-12-06 15:38:09.062] [jointLog] [info] finished quantifyLibrary()
[2021-12-06 15:38:09.067] [jointLog] [info] Starting optimizer
[2021-12-06 15:38:09.113] [jointLog] [info] Marked 0 weighted equivalence classes as degenerate
[2021-12-06 15:38:09.120] [jointLog] [info] iteration = 0 | max rel diff. = 9542.24
[2021-12-06 15:38:09.197] [jointLog] [info] iteration 11, adjusting effective lengths to account for biases
[2021-12-06 15:38:09.059] [fileLog] [info] 
At end of round 0
==================
Observed 28837116 total fragments (28837116 in most recent round)

[2021-12-06 15:38:30.431] [jointLog] [info] Computed expected counts (for bias correction)
[2021-12-06 15:38:30.431] [jointLog] [info] processed bias for 0.0% of the transcripts
[2021-12-06 15:38:32.508] [jointLog] [info] processed bias for 10.0% of the transcripts
[2021-12-06 15:38:34.869] [jointLog] [info] processed bias for 20.0% of the transcripts
[2021-12-06 15:38:37.241] [jointLog] [info] processed bias for 30.0% of the transcripts
[2021-12-06 15:38:39.525] [jointLog] [info] processed bias for 40.0% of the transcripts
[2021-12-06 15:38:41.860] [jointLog] [info] processed bias for 50.0% of the transcripts
[2021-12-06 15:38:44.154] [jointLog] [info] processed bias for 60.0% of the transcripts
[2021-12-06 15:38:46.434] [jointLog] [info] processed bias for 70.0% of the transcripts
[2021-12-06 15:38:48.723] [jointLog] [info] processed bias for 80.0% of the transcripts
[2021-12-06 15:38:50.125] [jointLog] [info] processed bias for 90.0% of the transcripts
[2021-12-06 15:38:50.724] [jointLog] [info] processed bias for 100.0% of the transcripts
[2021-12-06 15:38:50.725] [jointLog] [info] processed bias for 100.0% of the transcripts
[2021-12-06 15:38:51.409] [jointLog] [info] iteration = 100 | max rel diff. = 16.4512
[2021-12-06 15:38:52.169] [jointLog] [info] iteration = 200 | max rel diff. = 9.48787
[2021-12-06 15:38:52.928] [jointLog] [info] iteration = 300 | max rel diff. = 2.38275
[2021-12-06 15:38:53.682] [jointLog] [info] iteration = 400 | max rel diff. = 5.80077
[2021-12-06 15:38:54.433] [jointLog] [info] iteration = 500 | max rel diff. = 0.374319
[2021-12-06 15:38:55.189] [jointLog] [info] iteration = 600 | max rel diff. = 0.228571
[2021-12-06 15:38:55.939] [jointLog] [info] iteration = 700 | max rel diff. = 7.78076
[2021-12-06 15:38:56.690] [jointLog] [info] iteration = 800 | max rel diff. = 0.118884
[2021-12-06 15:38:57.444] [jointLog] [info] iteration = 900 | max rel diff. = 0.0490344
[2021-12-06 15:38:58.200] [jointLog] [info] iteration = 1,000 | max rel diff. = 0.0345449
[2021-12-06 15:38:58.953] [jointLog] [info] iteration = 1,100 | max rel diff. = 0.0675609
[2021-12-06 15:38:59.702] [jointLog] [info] iteration = 1,200 | max rel diff. = 0.0663847
[2021-12-06 15:39:00.458] [jointLog] [info] iteration = 1,300 | max rel diff. = 0.11535
[2021-12-06 15:39:01.208] [jointLog] [info] iteration = 1,400 | max rel diff. = 0.0155638
[2021-12-06 15:39:01.964] [jointLog] [info] iteration = 1,500 | max rel diff. = 0.039277
[2021-12-06 15:39:02.720] [jointLog] [info] iteration = 1,600 | max rel diff. = 0.0429189
[2021-12-06 15:39:03.479] [jointLog] [info] iteration = 1,700 | max rel diff. = 0.0148751
[2021-12-06 15:39:04.174] [jointLog] [info] iteration = 1,793 | max rel diff. = 0.00645086
[2021-12-06 15:39:04.185] [jointLog] [info] Finished optimizer
[2021-12-06 15:39:04.185] [jointLog] [info] writing output 

