[2021-12-06 15:19:21.775] [jointLog] [info] setting maxHashResizeThreads to 8
[2021-12-06 15:19:21.775] [jointLog] [info] Fragment incompatibility prior below threshold.  Incompatible fragments will be ignored.
[2021-12-06 15:19:21.775] [jointLog] [info] Usage of --validateMappings implies use of minScoreFraction. Since not explicitly specified, it is being set to 0.65
[2021-12-06 15:19:21.775] [jointLog] [info] Setting consensusSlack to selective-alignment default of 0.35.
[2021-12-06 15:19:21.775] [jointLog] [info] parsing read library format
[2021-12-06 15:19:21.775] [jointLog] [info] There is 1 library.
[2021-12-06 15:19:21.915] [jointLog] [info] Loading pufferfish index
[2021-12-06 15:19:21.915] [jointLog] [info] Loading dense pufferfish index.
[2021-12-06 15:19:22.608] [jointLog] [info] done
[2021-12-06 15:19:22.608] [jointLog] [info] Index contained 116,747 targets
[2021-12-06 15:19:24.222] [jointLog] [info] Number of decoys : 0
[2021-12-06 15:19:24.880] [jointLog] [info] Automatically detected most likely library type as ISR

[2021-12-06 15:23:22.047] [jointLog] [info] Thread saw mini-batch with a maximum of 4.46% zero probability fragments
[2021-12-06 15:23:22.052] [jointLog] [info] Thread saw mini-batch with a maximum of 4.60% zero probability fragments
[2021-12-06 15:23:22.142] [jointLog] [info] Thread saw mini-batch with a maximum of 4.48% zero probability fragments
[2021-12-06 15:23:22.161] [jointLog] [info] Thread saw mini-batch with a maximum of 4.62% zero probability fragments
[2021-12-06 15:23:22.214] [jointLog] [info] Thread saw mini-batch with a maximum of 4.60% zero probability fragments
[2021-12-06 15:23:22.214] [jointLog] [info] Thread saw mini-batch with a maximum of 4.60% zero probability fragments
[2021-12-06 15:23:22.215] [jointLog] [info] Thread saw mini-batch with a maximum of 4.70% zero probability fragments
[2021-12-06 15:23:22.243] [jointLog] [info] Thread saw mini-batch with a maximum of 4.60% zero probability fragments
[2021-12-06 15:23:22.371] [jointLog] [info] Computed 252,317 rich equivalence classes for further processing
[2021-12-06 15:23:22.371] [jointLog] [info] Counted 20,005,109 total reads in the equivalence classes 
[2021-12-06 15:23:22.376] [jointLog] [warning] 9.61485e-06% of fragments were shorter than the k used to build the index.
If this fraction is too large, consider re-building the index with a smaller k.
The minimum read size found was 27.


[2021-12-06 15:23:22.376] [jointLog] [info] Number of mappings discarded because of alignment score : 25,124,159
[2021-12-06 15:23:22.376] [jointLog] [info] Number of fragments entirely discarded because of alignment score : 3,107,778
[2021-12-06 15:23:22.376] [jointLog] [info] Number of fragments discarded because they are best-mapped to decoys : 0
[2021-12-06 15:23:22.376] [jointLog] [info] Number of fragments discarded because they have only dovetail (discordant) mappings to valid targets : 810,124
[2021-12-06 15:23:22.376] [jointLog] [info] Mapping rate = 48.0865%

[2021-12-06 15:23:22.376] [jointLog] [info] finished quantifyLibrary()
[2021-12-06 15:23:22.380] [jointLog] [info] Starting optimizer
[2021-12-06 15:23:22.430] [jointLog] [info] Marked 0 weighted equivalence classes as degenerate
[2021-12-06 15:23:22.438] [jointLog] [info] iteration = 0 | max rel diff. = 9634.15
[2021-12-06 15:23:22.516] [jointLog] [info] iteration 11, adjusting effective lengths to account for biases
[2021-12-06 15:23:22.372] [fileLog] [info] 
At end of round 0
==================
Observed 41602319 total fragments (41602319 in most recent round)

[2021-12-06 15:23:43.559] [jointLog] [info] Computed expected counts (for bias correction)
[2021-12-06 15:23:43.559] [jointLog] [info] processed bias for 0.0% of the transcripts
[2021-12-06 15:23:45.679] [jointLog] [info] processed bias for 10.0% of the transcripts
[2021-12-06 15:23:48.087] [jointLog] [info] processed bias for 20.0% of the transcripts
[2021-12-06 15:23:50.436] [jointLog] [info] processed bias for 30.0% of the transcripts
[2021-12-06 15:23:52.721] [jointLog] [info] processed bias for 40.0% of the transcripts
[2021-12-06 15:23:53.726] [jointLog] [info] processed bias for 50.0% of the transcripts
[2021-12-06 15:23:54.781] [jointLog] [info] processed bias for 60.0% of the transcripts
[2021-12-06 15:23:57.060] [jointLog] [info] processed bias for 70.0% of the transcripts
[2021-12-06 15:23:59.433] [jointLog] [info] processed bias for 80.0% of the transcripts
[2021-12-06 15:24:01.704] [jointLog] [info] processed bias for 90.0% of the transcripts
[2021-12-06 15:24:04.066] [jointLog] [info] processed bias for 100.0% of the transcripts
[2021-12-06 15:24:04.071] [jointLog] [info] processed bias for 100.0% of the transcripts
[2021-12-06 15:24:04.767] [jointLog] [info] iteration = 100 | max rel diff. = 9.78728
[2021-12-06 15:24:05.545] [jointLog] [info] iteration = 200 | max rel diff. = 13.2956
[2021-12-06 15:24:06.323] [jointLog] [info] iteration = 300 | max rel diff. = 13.1706
[2021-12-06 15:24:07.101] [jointLog] [info] iteration = 400 | max rel diff. = 4.94063
[2021-12-06 15:24:07.879] [jointLog] [info] iteration = 500 | max rel diff. = 0.175509
[2021-12-06 15:24:08.655] [jointLog] [info] iteration = 600 | max rel diff. = 0.523926
[2021-12-06 15:24:09.431] [jointLog] [info] iteration = 700 | max rel diff. = 0.0775006
[2021-12-06 15:24:10.208] [jointLog] [info] iteration = 800 | max rel diff. = 0.543141
[2021-12-06 15:24:10.985] [jointLog] [info] iteration = 900 | max rel diff. = 0.0537129
[2021-12-06 15:24:11.761] [jointLog] [info] iteration = 1,000 | max rel diff. = 0.0770126
[2021-12-06 15:24:12.537] [jointLog] [info] iteration = 1,100 | max rel diff. = 0.0144451
[2021-12-06 15:24:13.154] [jointLog] [info] iteration = 1,181 | max rel diff. = 0.00973449
[2021-12-06 15:24:13.166] [jointLog] [info] Finished optimizer
[2021-12-06 15:24:13.166] [jointLog] [info] writing output 

