[2021-12-06 15:55:23.548] [jointLog] [info] setting maxHashResizeThreads to 8
[2021-12-06 15:55:23.548] [jointLog] [info] Fragment incompatibility prior below threshold.  Incompatible fragments will be ignored.
[2021-12-06 15:55:23.548] [jointLog] [info] Usage of --validateMappings implies use of minScoreFraction. Since not explicitly specified, it is being set to 0.65
[2021-12-06 15:55:23.548] [jointLog] [info] Setting consensusSlack to selective-alignment default of 0.35.
[2021-12-06 15:55:23.548] [jointLog] [info] parsing read library format
[2021-12-06 15:55:23.548] [jointLog] [info] There is 1 library.
[2021-12-06 15:55:23.690] [jointLog] [info] Loading pufferfish index
[2021-12-06 15:55:23.690] [jointLog] [info] Loading dense pufferfish index.
[2021-12-06 15:55:24.312] [jointLog] [info] done
[2021-12-06 15:55:24.312] [jointLog] [info] Index contained 116,747 targets
[2021-12-06 15:55:25.924] [jointLog] [info] Number of decoys : 0
[2021-12-06 15:55:26.415] [jointLog] [info] Automatically detected most likely library type as ISR

[2021-12-06 15:59:19.832] [jointLog] [info] Thread saw mini-batch with a maximum of 3.68% zero probability fragments
[2021-12-06 15:59:19.857] [jointLog] [info] Thread saw mini-batch with a maximum of 3.64% zero probability fragments
[2021-12-06 15:59:19.909] [jointLog] [info] Thread saw mini-batch with a maximum of 3.72% zero probability fragments
[2021-12-06 15:59:20.028] [jointLog] [info] Thread saw mini-batch with a maximum of 3.78% zero probability fragments
[2021-12-06 15:59:20.048] [jointLog] [info] Thread saw mini-batch with a maximum of 3.64% zero probability fragments
[2021-12-06 15:59:20.054] [jointLog] [info] Thread saw mini-batch with a maximum of 3.50% zero probability fragments
[2021-12-06 15:59:20.075] [jointLog] [info] Thread saw mini-batch with a maximum of 3.64% zero probability fragments
[2021-12-06 15:59:20.166] [jointLog] [info] Thread saw mini-batch with a maximum of 3.66% zero probability fragments
[2021-12-06 15:59:20.296] [jointLog] [info] Computed 252,325 rich equivalence classes for further processing
[2021-12-06 15:59:20.296] [jointLog] [info] Counted 21,679,095 total reads in the equivalence classes 
[2021-12-06 15:59:20.301] [jointLog] [warning] 5.06158e-06% of fragments were shorter than the k used to build the index.
If this fraction is too large, consider re-building the index with a smaller k.
The minimum read size found was 28.


[2021-12-06 15:59:20.301] [jointLog] [info] Number of mappings discarded because of alignment score : 27,314,062
[2021-12-06 15:59:20.301] [jointLog] [info] Number of fragments entirely discarded because of alignment score : 2,601,691
[2021-12-06 15:59:20.301] [jointLog] [info] Number of fragments discarded because they are best-mapped to decoys : 0
[2021-12-06 15:59:20.301] [jointLog] [info] Number of fragments discarded because they have only dovetail (discordant) mappings to valid targets : 812,486
[2021-12-06 15:59:20.301] [jointLog] [info] Mapping rate = 54.8652%

[2021-12-06 15:59:20.301] [jointLog] [info] finished quantifyLibrary()
[2021-12-06 15:59:20.308] [jointLog] [info] Starting optimizer
[2021-12-06 15:59:20.357] [jointLog] [info] Marked 0 weighted equivalence classes as degenerate
[2021-12-06 15:59:20.365] [jointLog] [info] iteration = 0 | max rel diff. = 10037.4
[2021-12-06 15:59:20.298] [fileLog] [info] 
At end of round 0
==================
Observed 39513380 total fragments (39513380 in most recent round)

[2021-12-06 15:59:20.443] [jointLog] [info] iteration 11, adjusting effective lengths to account for biases
[2021-12-06 15:59:40.895] [jointLog] [info] Computed expected counts (for bias correction)
[2021-12-06 15:59:40.895] [jointLog] [info] processed bias for 0.0% of the transcripts
[2021-12-06 15:59:42.981] [jointLog] [info] processed bias for 10.0% of the transcripts
[2021-12-06 15:59:45.349] [jointLog] [info] processed bias for 20.0% of the transcripts
[2021-12-06 15:59:46.585] [jointLog] [info] processed bias for 30.0% of the transcripts
[2021-12-06 15:59:47.456] [jointLog] [info] processed bias for 40.0% of the transcripts
[2021-12-06 15:59:49.738] [jointLog] [info] processed bias for 50.0% of the transcripts
[2021-12-06 15:59:51.943] [jointLog] [info] processed bias for 60.0% of the transcripts
[2021-12-06 15:59:54.204] [jointLog] [info] processed bias for 70.0% of the transcripts
[2021-12-06 15:59:56.418] [jointLog] [info] processed bias for 80.0% of the transcripts
[2021-12-06 15:59:58.737] [jointLog] [info] processed bias for 90.0% of the transcripts
[2021-12-06 16:00:01.092] [jointLog] [info] processed bias for 100.0% of the transcripts
[2021-12-06 16:00:01.099] [jointLog] [info] processed bias for 100.0% of the transcripts
[2021-12-06 16:00:01.798] [jointLog] [info] iteration = 100 | max rel diff. = 18.4353
[2021-12-06 16:00:02.578] [jointLog] [info] iteration = 200 | max rel diff. = 7.30075
[2021-12-06 16:00:03.355] [jointLog] [info] iteration = 300 | max rel diff. = 4.90523
[2021-12-06 16:00:04.136] [jointLog] [info] iteration = 400 | max rel diff. = 0.920735
[2021-12-06 16:00:04.913] [jointLog] [info] iteration = 500 | max rel diff. = 4.22208
[2021-12-06 16:00:05.691] [jointLog] [info] iteration = 600 | max rel diff. = 0.969307
[2021-12-06 16:00:06.471] [jointLog] [info] iteration = 700 | max rel diff. = 1.88853
[2021-12-06 16:00:07.251] [jointLog] [info] iteration = 800 | max rel diff. = 0.0626171
[2021-12-06 16:00:08.030] [jointLog] [info] iteration = 900 | max rel diff. = 0.137343
[2021-12-06 16:00:08.805] [jointLog] [info] iteration = 1,000 | max rel diff. = 3.48017
[2021-12-06 16:00:09.363] [jointLog] [info] iteration = 1,073 | max rel diff. = 0.00783178
[2021-12-06 16:00:09.374] [jointLog] [info] Finished optimizer
[2021-12-06 16:00:09.374] [jointLog] [info] writing output 

