[2021-12-06 15:24:22.341] [jointLog] [info] setting maxHashResizeThreads to 8
[2021-12-06 15:24:22.341] [jointLog] [info] Fragment incompatibility prior below threshold.  Incompatible fragments will be ignored.
[2021-12-06 15:24:22.341] [jointLog] [info] Usage of --validateMappings implies use of minScoreFraction. Since not explicitly specified, it is being set to 0.65
[2021-12-06 15:24:22.341] [jointLog] [info] Setting consensusSlack to selective-alignment default of 0.35.
[2021-12-06 15:24:22.341] [jointLog] [info] parsing read library format
[2021-12-06 15:24:22.341] [jointLog] [info] There is 1 library.
[2021-12-06 15:24:22.485] [jointLog] [info] Loading pufferfish index
[2021-12-06 15:24:22.486] [jointLog] [info] Loading dense pufferfish index.
[2021-12-06 15:24:23.159] [jointLog] [info] done
[2021-12-06 15:24:23.159] [jointLog] [info] Index contained 116,747 targets
[2021-12-06 15:24:24.771] [jointLog] [info] Number of decoys : 0
[2021-12-06 15:24:25.244] [jointLog] [info] Automatically detected most likely library type as ISR

[2021-12-06 15:28:12.825] [jointLog] [info] Thread saw mini-batch with a maximum of 3.12% zero probability fragments
[2021-12-06 15:28:12.896] [jointLog] [info] Thread saw mini-batch with a maximum of 3.00% zero probability fragments
[2021-12-06 15:28:12.932] [jointLog] [info] Thread saw mini-batch with a maximum of 3.08% zero probability fragments
[2021-12-06 15:28:12.959] [jointLog] [info] Thread saw mini-batch with a maximum of 2.94% zero probability fragments
[2021-12-06 15:28:12.967] [jointLog] [info] Thread saw mini-batch with a maximum of 3.08% zero probability fragments
[2021-12-06 15:28:12.990] [jointLog] [info] Thread saw mini-batch with a maximum of 2.90% zero probability fragments
[2021-12-06 15:28:13.038] [jointLog] [info] Thread saw mini-batch with a maximum of 3.04% zero probability fragments
[2021-12-06 15:28:13.050] [jointLog] [info] Thread saw mini-batch with a maximum of 2.94% zero probability fragments
[2021-12-06 15:28:13.179] [jointLog] [info] Computed 259,353 rich equivalence classes for further processing
[2021-12-06 15:28:13.179] [jointLog] [info] Counted 23,592,297 total reads in the equivalence classes 
[2021-12-06 15:28:13.185] [jointLog] [warning] 5.05142e-06% of fragments were shorter than the k used to build the index.
If this fraction is too large, consider re-building the index with a smaller k.
The minimum read size found was 28.


[2021-12-06 15:28:13.185] [jointLog] [info] Number of mappings discarded because of alignment score : 24,438,020
[2021-12-06 15:28:13.185] [jointLog] [info] Number of fragments entirely discarded because of alignment score : 2,205,043
[2021-12-06 15:28:13.185] [jointLog] [info] Number of fragments discarded because they are best-mapped to decoys : 0
[2021-12-06 15:28:13.185] [jointLog] [info] Number of fragments discarded because they have only dovetail (discordant) mappings to valid targets : 802,926
[2021-12-06 15:28:13.185] [jointLog] [info] Mapping rate = 59.5873%

[2021-12-06 15:28:13.185] [jointLog] [info] finished quantifyLibrary()
[2021-12-06 15:28:13.189] [jointLog] [info] Starting optimizer
[2021-12-06 15:28:13.181] [fileLog] [info] 
At end of round 0
==================
Observed 39592847 total fragments (39592847 in most recent round)

[2021-12-06 15:28:13.235] [jointLog] [info] Marked 0 weighted equivalence classes as degenerate
[2021-12-06 15:28:13.243] [jointLog] [info] iteration = 0 | max rel diff. = 10502.2
[2021-12-06 15:28:13.322] [jointLog] [info] iteration 11, adjusting effective lengths to account for biases
[2021-12-06 15:28:34.803] [jointLog] [info] Computed expected counts (for bias correction)
[2021-12-06 15:28:34.803] [jointLog] [info] processed bias for 0.0% of the transcripts
[2021-12-06 15:28:36.934] [jointLog] [info] processed bias for 10.0% of the transcripts
[2021-12-06 15:28:39.336] [jointLog] [info] processed bias for 20.0% of the transcripts
[2021-12-06 15:28:41.758] [jointLog] [info] processed bias for 30.0% of the transcripts
[2021-12-06 15:28:44.129] [jointLog] [info] processed bias for 40.0% of the transcripts
[2021-12-06 15:28:46.453] [jointLog] [info] processed bias for 50.0% of the transcripts
[2021-12-06 15:28:48.421] [jointLog] [info] processed bias for 60.0% of the transcripts
[2021-12-06 15:28:49.322] [jointLog] [info] processed bias for 70.0% of the transcripts
[2021-12-06 15:28:51.082] [jointLog] [info] processed bias for 80.0% of the transcripts
[2021-12-06 15:28:53.408] [jointLog] [info] processed bias for 90.0% of the transcripts
[2021-12-06 15:28:55.835] [jointLog] [info] processed bias for 100.0% of the transcripts
[2021-12-06 15:28:55.841] [jointLog] [info] processed bias for 100.0% of the transcripts
[2021-12-06 15:28:56.547] [jointLog] [info] iteration = 100 | max rel diff. = 19.9385
[2021-12-06 15:28:57.332] [jointLog] [info] iteration = 200 | max rel diff. = 8.19661
[2021-12-06 15:28:58.108] [jointLog] [info] iteration = 300 | max rel diff. = 6.44675
[2021-12-06 15:28:58.889] [jointLog] [info] iteration = 400 | max rel diff. = 0.659899
[2021-12-06 15:28:59.668] [jointLog] [info] iteration = 500 | max rel diff. = 2.84428
[2021-12-06 15:29:00.449] [jointLog] [info] iteration = 600 | max rel diff. = 10.8551
[2021-12-06 15:29:01.231] [jointLog] [info] iteration = 700 | max rel diff. = 0.312526
[2021-12-06 15:29:02.010] [jointLog] [info] iteration = 800 | max rel diff. = 0.0642686
[2021-12-06 15:29:02.790] [jointLog] [info] iteration = 900 | max rel diff. = 0.041873
[2021-12-06 15:29:03.572] [jointLog] [info] iteration = 1,000 | max rel diff. = 1.30722
[2021-12-06 15:29:04.354] [jointLog] [info] iteration = 1,100 | max rel diff. = 0.188151
[2021-12-06 15:29:05.138] [jointLog] [info] iteration = 1,200 | max rel diff. = 0.0276646
[2021-12-06 15:29:05.920] [jointLog] [info] iteration = 1,300 | max rel diff. = 0.0497272
[2021-12-06 15:29:06.702] [jointLog] [info] iteration = 1,400 | max rel diff. = 0.102193
[2021-12-06 15:29:07.486] [jointLog] [info] iteration = 1,500 | max rel diff. = 0.323903
[2021-12-06 15:29:08.262] [jointLog] [info] iteration = 1,600 | max rel diff. = 0.293926
[2021-12-06 15:29:08.300] [jointLog] [info] iteration = 1,606 | max rel diff. = 0.00370832
[2021-12-06 15:29:08.312] [jointLog] [info] Finished optimizer
[2021-12-06 15:29:08.312] [jointLog] [info] writing output 

