[2021-12-06 15:43:12.026] [jointLog] [info] setting maxHashResizeThreads to 8
[2021-12-06 15:43:12.026] [jointLog] [info] Fragment incompatibility prior below threshold.  Incompatible fragments will be ignored.
[2021-12-06 15:43:12.026] [jointLog] [info] Usage of --validateMappings implies use of minScoreFraction. Since not explicitly specified, it is being set to 0.65
[2021-12-06 15:43:12.026] [jointLog] [info] Setting consensusSlack to selective-alignment default of 0.35.
[2021-12-06 15:43:12.026] [jointLog] [info] parsing read library format
[2021-12-06 15:43:12.026] [jointLog] [info] There is 1 library.
[2021-12-06 15:43:12.178] [jointLog] [info] Loading pufferfish index
[2021-12-06 15:43:12.178] [jointLog] [info] Loading dense pufferfish index.
[2021-12-06 15:43:12.870] [jointLog] [info] done
[2021-12-06 15:43:12.870] [jointLog] [info] Index contained 116,747 targets
[2021-12-06 15:43:14.488] [jointLog] [info] Number of decoys : 0
[2021-12-06 15:43:14.972] [jointLog] [info] Automatically detected most likely library type as ISR

[2021-12-06 15:46:07.237] [jointLog] [info] Thread saw mini-batch with a maximum of 4.04% zero probability fragments
[2021-12-06 15:46:07.269] [jointLog] [info] Thread saw mini-batch with a maximum of 3.76% zero probability fragments
[2021-12-06 15:46:07.325] [jointLog] [info] Thread saw mini-batch with a maximum of 3.76% zero probability fragments
[2021-12-06 15:46:07.342] [jointLog] [info] Thread saw mini-batch with a maximum of 3.72% zero probability fragments
[2021-12-06 15:46:07.349] [jointLog] [info] Thread saw mini-batch with a maximum of 3.68% zero probability fragments
[2021-12-06 15:46:07.364] [jointLog] [info] Thread saw mini-batch with a maximum of 3.86% zero probability fragments
[2021-12-06 15:46:07.373] [jointLog] [info] Thread saw mini-batch with a maximum of 3.92% zero probability fragments
[2021-12-06 15:46:07.379] [jointLog] [info] Thread saw mini-batch with a maximum of 3.70% zero probability fragments
[2021-12-06 15:46:07.501] [jointLog] [info] Computed 231,220 rich equivalence classes for further processing
[2021-12-06 15:46:07.501] [jointLog] [info] Counted 15,565,771 total reads in the equivalence classes 
[2021-12-06 15:46:07.505] [jointLog] [warning] 3.50897e-06% of fragments were shorter than the k used to build the index.
If this fraction is too large, consider re-building the index with a smaller k.
The minimum read size found was 29.


[2021-12-06 15:46:07.505] [jointLog] [info] Number of mappings discarded because of alignment score : 21,057,587
[2021-12-06 15:46:07.505] [jointLog] [info] Number of fragments entirely discarded because of alignment score : 1,832,075
[2021-12-06 15:46:07.505] [jointLog] [info] Number of fragments discarded because they are best-mapped to decoys : 0
[2021-12-06 15:46:07.505] [jointLog] [info] Number of fragments discarded because they have only dovetail (discordant) mappings to valid targets : 572,108
[2021-12-06 15:46:07.505] [jointLog] [info] Mapping rate = 54.6199%

[2021-12-06 15:46:07.505] [jointLog] [info] finished quantifyLibrary()
[2021-12-06 15:46:07.510] [jointLog] [info] Starting optimizer
[2021-12-06 15:46:07.558] [jointLog] [info] Marked 0 weighted equivalence classes as degenerate
[2021-12-06 15:46:07.566] [jointLog] [info] iteration = 0 | max rel diff. = 9001.81
[2021-12-06 15:46:07.641] [jointLog] [info] iteration 11, adjusting effective lengths to account for biases
[2021-12-06 15:46:07.502] [fileLog] [info] 
At end of round 0
==================
Observed 28498366 total fragments (28498366 in most recent round)

[2021-12-06 15:46:28.364] [jointLog] [info] Computed expected counts (for bias correction)
[2021-12-06 15:46:28.364] [jointLog] [info] processed bias for 0.0% of the transcripts
[2021-12-06 15:46:30.593] [jointLog] [info] processed bias for 10.0% of the transcripts
[2021-12-06 15:46:33.019] [jointLog] [info] processed bias for 20.0% of the transcripts
[2021-12-06 15:46:35.437] [jointLog] [info] processed bias for 30.0% of the transcripts
[2021-12-06 15:46:37.825] [jointLog] [info] processed bias for 40.0% of the transcripts
[2021-12-06 15:46:40.191] [jointLog] [info] processed bias for 50.0% of the transcripts
[2021-12-06 15:46:41.867] [jointLog] [info] processed bias for 60.0% of the transcripts
[2021-12-06 15:46:42.768] [jointLog] [info] processed bias for 70.0% of the transcripts
[2021-12-06 15:46:44.577] [jointLog] [info] processed bias for 80.0% of the transcripts
[2021-12-06 15:46:46.820] [jointLog] [info] processed bias for 90.0% of the transcripts
[2021-12-06 15:46:49.163] [jointLog] [info] processed bias for 100.0% of the transcripts
[2021-12-06 15:46:49.167] [jointLog] [info] processed bias for 100.0% of the transcripts
[2021-12-06 15:46:49.843] [jointLog] [info] iteration = 100 | max rel diff. = 8.0813
[2021-12-06 15:46:50.589] [jointLog] [info] iteration = 200 | max rel diff. = 4.31059
[2021-12-06 15:46:51.333] [jointLog] [info] iteration = 300 | max rel diff. = 3.60295
[2021-12-06 15:46:52.079] [jointLog] [info] iteration = 400 | max rel diff. = 0.369699
[2021-12-06 15:46:52.825] [jointLog] [info] iteration = 500 | max rel diff. = 1.01461
[2021-12-06 15:46:53.567] [jointLog] [info] iteration = 600 | max rel diff. = 0.141646
[2021-12-06 15:46:54.309] [jointLog] [info] iteration = 700 | max rel diff. = 2.87457
[2021-12-06 15:46:55.056] [jointLog] [info] iteration = 800 | max rel diff. = 0.173017
[2021-12-06 15:46:55.800] [jointLog] [info] iteration = 900 | max rel diff. = 0.0552414
[2021-12-06 15:46:56.546] [jointLog] [info] iteration = 1,000 | max rel diff. = 0.449746
[2021-12-06 15:46:57.289] [jointLog] [info] iteration = 1,100 | max rel diff. = 0.0662632
[2021-12-06 15:46:58.033] [jointLog] [info] iteration = 1,200 | max rel diff. = 0.110456
[2021-12-06 15:46:58.781] [jointLog] [info] iteration = 1,300 | max rel diff. = 0.0227547
[2021-12-06 15:46:59.531] [jointLog] [info] iteration = 1,400 | max rel diff. = 0.764749
[2021-12-06 15:47:00.276] [jointLog] [info] iteration = 1,500 | max rel diff. = 0.263194
[2021-12-06 15:47:01.021] [jointLog] [info] iteration = 1,600 | max rel diff. = 0.0295471
[2021-12-06 15:47:01.765] [jointLog] [info] iteration = 1,700 | max rel diff. = 0.0162882
[2021-12-06 15:47:02.509] [jointLog] [info] iteration = 1,800 | max rel diff. = 0.0382949
[2021-12-06 15:47:02.710] [jointLog] [info] iteration = 1,828 | max rel diff. = 0.00786486
[2021-12-06 15:47:02.721] [jointLog] [info] Finished optimizer
[2021-12-06 15:47:02.721] [jointLog] [info] writing output 

