[2021-12-06 16:04:06.821] [jointLog] [info] setting maxHashResizeThreads to 8
[2021-12-06 16:04:06.821] [jointLog] [info] Fragment incompatibility prior below threshold.  Incompatible fragments will be ignored.
[2021-12-06 16:04:06.822] [jointLog] [info] Usage of --validateMappings implies use of minScoreFraction. Since not explicitly specified, it is being set to 0.65
[2021-12-06 16:04:06.822] [jointLog] [info] Setting consensusSlack to selective-alignment default of 0.35.
[2021-12-06 16:04:06.822] [jointLog] [info] parsing read library format
[2021-12-06 16:04:06.822] [jointLog] [info] There is 1 library.
[2021-12-06 16:04:06.942] [jointLog] [info] Loading pufferfish index
[2021-12-06 16:04:06.942] [jointLog] [info] Loading dense pufferfish index.
[2021-12-06 16:04:07.604] [jointLog] [info] done
[2021-12-06 16:04:07.604] [jointLog] [info] Index contained 116,747 targets
[2021-12-06 16:04:09.216] [jointLog] [info] Number of decoys : 0
[2021-12-06 16:04:09.814] [jointLog] [info] Automatically detected most likely library type as ISR

[2021-12-06 16:07:19.293] [jointLog] [info] Thread saw mini-batch with a maximum of 3.98% zero probability fragments
[2021-12-06 16:07:19.325] [jointLog] [info] Thread saw mini-batch with a maximum of 4.04% zero probability fragments
[2021-12-06 16:07:19.511] [jointLog] [info] Thread saw mini-batch with a maximum of 4.08% zero probability fragments
[2021-12-06 16:07:19.513] [jointLog] [info] Thread saw mini-batch with a maximum of 4.28% zero probability fragments
[2021-12-06 16:07:19.519] [jointLog] [info] Thread saw mini-batch with a maximum of 4.26% zero probability fragments
[2021-12-06 16:07:19.534] [jointLog] [info] Thread saw mini-batch with a maximum of 4.06% zero probability fragments
[2021-12-06 16:07:19.550] [jointLog] [info] Thread saw mini-batch with a maximum of 4.08% zero probability fragments
[2021-12-06 16:07:19.587] [jointLog] [info] Thread saw mini-batch with a maximum of 4.26% zero probability fragments
[2021-12-06 16:07:19.709] [jointLog] [info] Computed 236,789 rich equivalence classes for further processing
[2021-12-06 16:07:19.709] [jointLog] [info] Counted 17,180,661 total reads in the equivalence classes 
[2021-12-06 16:07:19.713] [jointLog] [warning] 6.06773e-06% of fragments were shorter than the k used to build the index.
If this fraction is too large, consider re-building the index with a smaller k.
The minimum read size found was 28.


[2021-12-06 16:07:19.713] [jointLog] [info] Number of mappings discarded because of alignment score : 20,565,734
[2021-12-06 16:07:19.713] [jointLog] [info] Number of fragments entirely discarded because of alignment score : 2,286,365
[2021-12-06 16:07:19.713] [jointLog] [info] Number of fragments discarded because they are best-mapped to decoys : 0
[2021-12-06 16:07:19.713] [jointLog] [info] Number of fragments discarded because they have only dovetail (discordant) mappings to valid targets : 566,021
[2021-12-06 16:07:19.713] [jointLog] [info] Mapping rate = 52.1238%

[2021-12-06 16:07:19.713] [jointLog] [info] finished quantifyLibrary()
[2021-12-06 16:07:19.726] [jointLog] [info] Starting optimizer
[2021-12-06 16:07:19.779] [jointLog] [info] Marked 0 weighted equivalence classes as degenerate
[2021-12-06 16:07:19.787] [jointLog] [info] iteration = 0 | max rel diff. = 9645.71
[2021-12-06 16:07:19.863] [jointLog] [info] iteration 11, adjusting effective lengths to account for biases
[2021-12-06 16:07:19.711] [fileLog] [info] 
At end of round 0
==================
Observed 32961268 total fragments (32961268 in most recent round)

[2021-12-06 16:07:42.116] [jointLog] [info] Computed expected counts (for bias correction)
[2021-12-06 16:07:42.116] [jointLog] [info] processed bias for 0.0% of the transcripts
[2021-12-06 16:07:44.375] [jointLog] [info] processed bias for 10.0% of the transcripts
[2021-12-06 16:07:46.857] [jointLog] [info] processed bias for 20.0% of the transcripts
[2021-12-06 16:07:49.336] [jointLog] [info] processed bias for 30.0% of the transcripts
[2021-12-06 16:07:51.739] [jointLog] [info] processed bias for 40.0% of the transcripts
[2021-12-06 16:07:54.253] [jointLog] [info] processed bias for 50.0% of the transcripts
[2021-12-06 16:07:56.781] [jointLog] [info] processed bias for 60.0% of the transcripts
[2021-12-06 16:07:59.157] [jointLog] [info] processed bias for 70.0% of the transcripts
[2021-12-06 16:08:01.402] [jointLog] [info] processed bias for 80.0% of the transcripts
[2021-12-06 16:08:02.258] [jointLog] [info] processed bias for 90.0% of the transcripts
[2021-12-06 16:08:03.796] [jointLog] [info] processed bias for 100.0% of the transcripts
[2021-12-06 16:08:03.804] [jointLog] [info] processed bias for 100.0% of the transcripts
[2021-12-06 16:08:04.485] [jointLog] [info] iteration = 100 | max rel diff. = 18.7953
[2021-12-06 16:08:05.240] [jointLog] [info] iteration = 200 | max rel diff. = 6.57822
[2021-12-06 16:08:05.995] [jointLog] [info] iteration = 300 | max rel diff. = 5.32415
[2021-12-06 16:08:06.747] [jointLog] [info] iteration = 400 | max rel diff. = 17.3269
[2021-12-06 16:08:07.498] [jointLog] [info] iteration = 500 | max rel diff. = 5.85581
[2021-12-06 16:08:08.250] [jointLog] [info] iteration = 600 | max rel diff. = 2.80296
[2021-12-06 16:08:09.006] [jointLog] [info] iteration = 700 | max rel diff. = 0.100462
[2021-12-06 16:08:09.767] [jointLog] [info] iteration = 800 | max rel diff. = 0.488078
[2021-12-06 16:08:10.522] [jointLog] [info] iteration = 900 | max rel diff. = 0.28756
[2021-12-06 16:08:11.279] [jointLog] [info] iteration = 1,000 | max rel diff. = 0.546291
[2021-12-06 16:08:12.035] [jointLog] [info] iteration = 1,100 | max rel diff. = 0.0742749
[2021-12-06 16:08:12.793] [jointLog] [info] iteration = 1,200 | max rel diff. = 0.800424
[2021-12-06 16:08:13.548] [jointLog] [info] iteration = 1,300 | max rel diff. = 0.0382146
[2021-12-06 16:08:14.297] [jointLog] [info] iteration = 1,400 | max rel diff. = 0.776483
[2021-12-06 16:08:15.046] [jointLog] [info] iteration = 1,500 | max rel diff. = 0.0456715
[2021-12-06 16:08:15.802] [jointLog] [info] iteration = 1,600 | max rel diff. = 0.191392
[2021-12-06 16:08:15.847] [jointLog] [info] iteration = 1,607 | max rel diff. = 0.00430568
[2021-12-06 16:08:15.858] [jointLog] [info] Finished optimizer
[2021-12-06 16:08:15.858] [jointLog] [info] writing output 

