[2021-12-06 16:08:24.864] [jointLog] [info] setting maxHashResizeThreads to 8
[2021-12-06 16:08:24.864] [jointLog] [info] Fragment incompatibility prior below threshold.  Incompatible fragments will be ignored.
[2021-12-06 16:08:24.864] [jointLog] [info] Usage of --validateMappings implies use of minScoreFraction. Since not explicitly specified, it is being set to 0.65
[2021-12-06 16:08:24.864] [jointLog] [info] Setting consensusSlack to selective-alignment default of 0.35.
[2021-12-06 16:08:24.864] [jointLog] [info] parsing read library format
[2021-12-06 16:08:24.864] [jointLog] [info] There is 1 library.
[2021-12-06 16:08:24.985] [jointLog] [info] Loading pufferfish index
[2021-12-06 16:08:24.985] [jointLog] [info] Loading dense pufferfish index.
[2021-12-06 16:08:25.657] [jointLog] [info] done
[2021-12-06 16:08:25.657] [jointLog] [info] Index contained 116,747 targets
[2021-12-06 16:08:27.265] [jointLog] [info] Number of decoys : 0
[2021-12-06 16:08:27.845] [jointLog] [info] Automatically detected most likely library type as ISR

[2021-12-06 16:11:56.192] [jointLog] [info] Thread saw mini-batch with a maximum of 4.10% zero probability fragments
[2021-12-06 16:11:56.227] [jointLog] [info] Thread saw mini-batch with a maximum of 4.10% zero probability fragments
[2021-12-06 16:11:56.251] [jointLog] [info] Thread saw mini-batch with a maximum of 4.04% zero probability fragments
[2021-12-06 16:11:56.339] [jointLog] [info] Thread saw mini-batch with a maximum of 4.12% zero probability fragments
[2021-12-06 16:11:56.399] [jointLog] [info] Thread saw mini-batch with a maximum of 4.24% zero probability fragments
[2021-12-06 16:11:56.403] [jointLog] [info] Thread saw mini-batch with a maximum of 4.12% zero probability fragments
[2021-12-06 16:11:56.422] [jointLog] [info] Thread saw mini-batch with a maximum of 4.12% zero probability fragments
[2021-12-06 16:11:56.435] [jointLog] [info] Thread saw mini-batch with a maximum of 4.00% zero probability fragments
[2021-12-06 16:11:56.566] [jointLog] [info] Computed 244,173 rich equivalence classes for further processing
[2021-12-06 16:11:56.566] [jointLog] [info] Counted 17,979,268 total reads in the equivalence classes 
[2021-12-06 16:11:56.571] [jointLog] [warning] 2.78364e-06% of fragments were shorter than the k used to build the index.
If this fraction is too large, consider re-building the index with a smaller k.
The minimum read size found was 29.


[2021-12-06 16:11:56.571] [jointLog] [info] Number of mappings discarded because of alignment score : 24,315,933
[2021-12-06 16:11:56.571] [jointLog] [info] Number of fragments entirely discarded because of alignment score : 2,569,767
[2021-12-06 16:11:56.571] [jointLog] [info] Number of fragments discarded because they are best-mapped to decoys : 0
[2021-12-06 16:11:56.571] [jointLog] [info] Number of fragments discarded because they have only dovetail (discordant) mappings to valid targets : 659,720
[2021-12-06 16:11:56.571] [jointLog] [info] Mapping rate = 50.0479%

[2021-12-06 16:11:56.571] [jointLog] [info] finished quantifyLibrary()
[2021-12-06 16:11:56.578] [jointLog] [info] Starting optimizer
[2021-12-06 16:11:56.626] [jointLog] [info] Marked 0 weighted equivalence classes as degenerate
[2021-12-06 16:11:56.634] [jointLog] [info] iteration = 0 | max rel diff. = 9729.47
[2021-12-06 16:11:56.711] [jointLog] [info] iteration 11, adjusting effective lengths to account for biases
[2021-12-06 16:11:56.567] [fileLog] [info] 
At end of round 0
==================
Observed 35924124 total fragments (35924124 in most recent round)

[2021-12-06 16:12:18.001] [jointLog] [info] Computed expected counts (for bias correction)
[2021-12-06 16:12:18.001] [jointLog] [info] processed bias for 0.0% of the transcripts
[2021-12-06 16:12:20.219] [jointLog] [info] processed bias for 10.0% of the transcripts
[2021-12-06 16:12:22.656] [jointLog] [info] processed bias for 20.0% of the transcripts
[2021-12-06 16:12:25.056] [jointLog] [info] processed bias for 30.0% of the transcripts
[2021-12-06 16:12:27.459] [jointLog] [info] processed bias for 40.0% of the transcripts
[2021-12-06 16:12:29.882] [jointLog] [info] processed bias for 50.0% of the transcripts
[2021-12-06 16:12:32.165] [jointLog] [info] processed bias for 60.0% of the transcripts
[2021-12-06 16:12:33.076] [jointLog] [info] processed bias for 70.0% of the transcripts
[2021-12-06 16:12:34.383] [jointLog] [info] processed bias for 80.0% of the transcripts
[2021-12-06 16:12:36.619] [jointLog] [info] processed bias for 90.0% of the transcripts
[2021-12-06 16:12:39.086] [jointLog] [info] processed bias for 100.0% of the transcripts
[2021-12-06 16:12:39.092] [jointLog] [info] processed bias for 100.0% of the transcripts
[2021-12-06 16:12:39.785] [jointLog] [info] iteration = 100 | max rel diff. = 18.7777
[2021-12-06 16:12:40.549] [jointLog] [info] iteration = 200 | max rel diff. = 5.15493
[2021-12-06 16:12:41.316] [jointLog] [info] iteration = 300 | max rel diff. = 13.7911
[2021-12-06 16:12:42.084] [jointLog] [info] iteration = 400 | max rel diff. = 9.38356
[2021-12-06 16:12:42.849] [jointLog] [info] iteration = 500 | max rel diff. = 0.342884
[2021-12-06 16:12:43.614] [jointLog] [info] iteration = 600 | max rel diff. = 0.439109
[2021-12-06 16:12:44.381] [jointLog] [info] iteration = 700 | max rel diff. = 2.09214
[2021-12-06 16:12:45.146] [jointLog] [info] iteration = 800 | max rel diff. = 0.193219
[2021-12-06 16:12:45.914] [jointLog] [info] iteration = 900 | max rel diff. = 0.447595
[2021-12-06 16:12:46.683] [jointLog] [info] iteration = 1,000 | max rel diff. = 3.7649
[2021-12-06 16:12:47.163] [jointLog] [info] iteration = 1,064 | max rel diff. = 0.00919473
[2021-12-06 16:12:47.175] [jointLog] [info] Finished optimizer
[2021-12-06 16:12:47.175] [jointLog] [info] writing output 

